<?xml version="1.0" encoding="UTF-8"?>
<!-- Generated by org.testng.reporters.JUnitXMLReporter -->
<testsuite hostname="DESKTOP-74ULC4S" ignored="0" name="Test" tests="4" failures="0" timestamp="2022-04-27T20:29:58 ICT" time="46.826" errors="0">
  <testcase name="plainPattern" time="15.762" classname="BasicSeleniumConcepts.DrawbacksOfPageFactorySolution"/>
  <testcase name="plainPatternWithWebDriverWait" time="9.018" classname="BasicSeleniumConcepts.DrawbacksOfPageFactorySolution"/>
  <testcase name="withPageFactory" time="11.426" classname="BasicSeleniumConcepts.DrawbacksOfPageFactorySolution"/>
  <testcase name="withPageFactoryWithWebDriverWait" time="10.563" classname="BasicSeleniumConcepts.DrawbacksOfPageFactorySolution"/>
</testsuite> <!-- Test -->
